[1015/202132:WARNING:resource_bundle.cc(304)] locale_file_path.empty()
[1015/202132:ERROR:main_delegate.cc(564)] Could not load locale pak for en-US
[1015/202132:ERROR:main_delegate.cc(571)] Could not load cef.pak
[1015/202132:ERROR:main_delegate.cc(588)] Could not load cef_100_percent.pak
[1015/202132:WARNING:resource_bundle.cc(497)] locale resources are not loaded
[1015/202132:WARNING:resource_bundle.cc(304)] locale_file_path.empty()
[1015/202132:ERROR:main_delegate.cc(564)] Could not load locale pak for en-US
[1015/202132:ERROR:main_delegate.cc(571)] Could not load cef.pak
[1015/202132:ERROR:main_delegate.cc(588)] Could not load cef_100_percent.pak
[1015/202137:WARNING:resource_bundle.cc(304)] locale_file_path.empty()
[1015/202137:ERROR:main_delegate.cc(564)] Could not load locale pak for en-US
[1015/202137:ERROR:main_delegate.cc(571)] Could not load cef.pak
[1015/202137:ERROR:main_delegate.cc(588)] Could not load cef_100_percent.pak
[1015/202137:ERROR:renderer_main.cc(207)] Running without renderer sandbox
[1015/202233:WARNING:resource_bundle.cc(304)] locale_file_path.empty()
[1015/202233:ERROR:main_delegate.cc(564)] Could not load locale pak for en-US
[1015/202233:ERROR:main_delegate.cc(571)] Could not load cef.pak
[1015/202233:ERROR:main_delegate.cc(588)] Could not load cef_100_percent.pak
[1015/202233:WARNING:resource_bundle.cc(497)] locale resources are not loaded
[1015/202234:WARNING:resource_bundle.cc(304)] locale_file_path.empty()
[1015/202234:ERROR:main_delegate.cc(564)] Could not load locale pak for en-US
[1015/202234:ERROR:main_delegate.cc(571)] Could not load cef.pak
[1015/202234:ERROR:main_delegate.cc(588)] Could not load cef_100_percent.pak
[1015/202235:WARNING:resource_bundle.cc(304)] locale_file_path.empty()
[1015/202235:ERROR:main_delegate.cc(564)] Could not load locale pak for en-US
[1015/202235:ERROR:main_delegate.cc(571)] Could not load cef.pak
[1015/202235:ERROR:main_delegate.cc(588)] Could not load cef_100_percent.pak
[1015/202235:WARNING:resource_bundle.cc(497)] locale resources are not loaded
[1015/202235:WARNING:resource_bundle.cc(304)] locale_file_path.empty()
[1015/202235:ERROR:main_delegate.cc(564)] Could not load locale pak for en-US
[1015/202235:ERROR:main_delegate.cc(571)] Could not load cef.pak
[1015/202235:ERROR:main_delegate.cc(588)] Could not load cef_100_percent.pak
[1015/202241:WARNING:resource_bundle.cc(304)] locale_file_path.empty()
[1015/202241:ERROR:main_delegate.cc(564)] Could not load locale pak for en-US
[1015/202241:ERROR:main_delegate.cc(571)] Could not load cef.pak
[1015/202241:ERROR:main_delegate.cc(588)] Could not load cef_100_percent.pak
[1015/202241:ERROR:renderer_main.cc(207)] Running without renderer sandbox
[1015/202246:WARNING:resource_bundle.cc(304)] locale_file_path.empty()
[1015/202246:ERROR:main_delegate.cc(564)] Could not load locale pak for en-US
[1015/202246:ERROR:main_delegate.cc(571)] Could not load cef.pak
[1015/202246:ERROR:main_delegate.cc(588)] Could not load cef_100_percent.pak
[1015/202246:ERROR:renderer_main.cc(207)] Running without renderer sandbox
[1015/202326:WARNING:resource_bundle.cc(304)] locale_file_path.empty()
[1015/202326:ERROR:main_delegate.cc(564)] Could not load locale pak for en-US
[1015/202326:ERROR:main_delegate.cc(571)] Could not load cef.pak
[1015/202326:ERROR:main_delegate.cc(588)] Could not load cef_100_percent.pak
[1015/202326:WARNING:resource_bundle.cc(497)] locale resources are not loaded
[1015/202327:WARNING:resource_bundle.cc(304)] locale_file_path.empty()
[1015/202327:ERROR:main_delegate.cc(564)] Could not load locale pak for en-US
[1015/202327:ERROR:main_delegate.cc(571)] Could not load cef.pak
[1015/202327:ERROR:main_delegate.cc(588)] Could not load cef_100_percent.pak
[1015/202335:WARNING:resource_bundle.cc(304)] locale_file_path.empty()
[1015/202335:ERROR:main_delegate.cc(564)] Could not load locale pak for en-US
[1015/202335:ERROR:main_delegate.cc(571)] Could not load cef.pak
[1015/202335:ERROR:main_delegate.cc(588)] Could not load cef_100_percent.pak
[1015/202335:ERROR:renderer_main.cc(207)] Running without renderer sandbox
[1015/202343:WARNING:resource_bundle.cc(304)] locale_file_path.empty()
[1015/202343:ERROR:main_delegate.cc(564)] Could not load locale pak for en-US
[1015/202343:ERROR:main_delegate.cc(571)] Could not load cef.pak
[1015/202343:ERROR:main_delegate.cc(588)] Could not load cef_100_percent.pak
[1015/202343:WARNING:resource_bundle.cc(497)] locale resources are not loaded
[1015/202344:WARNING:resource_bundle.cc(304)] locale_file_path.empty()
[1015/202344:ERROR:main_delegate.cc(564)] Could not load locale pak for en-US
[1015/202344:ERROR:main_delegate.cc(571)] Could not load cef.pak
[1015/202344:ERROR:main_delegate.cc(588)] Could not load cef_100_percent.pak
[1015/202351:WARNING:resource_bundle.cc(304)] locale_file_path.empty()
[1015/202351:ERROR:main_delegate.cc(564)] Could not load locale pak for en-US
[1015/202351:ERROR:main_delegate.cc(571)] Could not load cef.pak
[1015/202351:ERROR:main_delegate.cc(588)] Could not load cef_100_percent.pak
[1015/202351:ERROR:renderer_main.cc(207)] Running without renderer sandbox
[1015/202742:WARNING:resource_bundle.cc(304)] locale_file_path.empty()
[1015/202742:ERROR:main_delegate.cc(564)] Could not load locale pak for en-US
[1015/202742:ERROR:main_delegate.cc(571)] Could not load cef.pak
[1015/202742:ERROR:main_delegate.cc(588)] Could not load cef_100_percent.pak
[1015/202742:WARNING:resource_bundle.cc(497)] locale resources are not loaded
[1015/202742:WARNING:resource_bundle.cc(304)] locale_file_path.empty()
[1015/202742:ERROR:main_delegate.cc(564)] Could not load locale pak for en-US
[1015/202742:ERROR:main_delegate.cc(571)] Could not load cef.pak
[1015/202742:ERROR:main_delegate.cc(588)] Could not load cef_100_percent.pak
[1015/202746:WARNING:resource_bundle.cc(304)] locale_file_path.empty()
[1015/202746:ERROR:main_delegate.cc(564)] Could not load locale pak for en-US
[1015/202746:ERROR:main_delegate.cc(571)] Could not load cef.pak
[1015/202746:ERROR:main_delegate.cc(588)] Could not load cef_100_percent.pak
[1015/202746:ERROR:renderer_main.cc(207)] Running without renderer sandbox
[1015/202929:WARNING:resource_bundle.cc(304)] locale_file_path.empty()
[1015/202929:ERROR:main_delegate.cc(564)] Could not load locale pak for en-US
[1015/202929:ERROR:main_delegate.cc(571)] Could not load cef.pak
[1015/202929:ERROR:main_delegate.cc(588)] Could not load cef_100_percent.pak
[1015/202929:WARNING:resource_bundle.cc(497)] locale resources are not loaded
[1015/202929:WARNING:resource_bundle.cc(304)] locale_file_path.empty()
[1015/202929:ERROR:main_delegate.cc(564)] Could not load locale pak for en-US
[1015/202929:ERROR:main_delegate.cc(571)] Could not load cef.pak
[1015/202929:ERROR:main_delegate.cc(588)] Could not load cef_100_percent.pak
[1015/202933:WARNING:resource_bundle.cc(304)] locale_file_path.empty()
[1015/202933:ERROR:main_delegate.cc(564)] Could not load locale pak for en-US
[1015/202933:ERROR:main_delegate.cc(571)] Could not load cef.pak
[1015/202933:ERROR:main_delegate.cc(588)] Could not load cef_100_percent.pak
[1015/202933:ERROR:renderer_main.cc(207)] Running without renderer sandbox
